warning "CARE NAOQI TIMEOUT" 
warning "CARE NAOQI TIMEOUT" 
warning "CARE NAOQI TIMEOUT" 
warning "CARE NAOQI TIMEOUT" 
warning "CARE NAOQI TIMEOUT" 
info "App Loaded" 
info "\ntopic: ~topToJs()\nlanguage: frf\nproposal: %x Bonjour humain, quel est ton nom ?\nu: (_[Jonathan Théo Olivier Raphael Nathan Corentin]) $topToJs=$1\n" 
warning "CARE NAOQI TIMEOUT" 
info "topToJs" 
info "AskName" 
info "\ntopic: ~topToJs()\nlanguage: frf\nproposal: %x Bienvenue Corentin, quelle boisson voudriez vous ? Les boissons suivantes sont disponibles : Coca, Fanta, Ice Tea, Orangina\nu: (_[Coca Fanta Ice Tea Orangina]) $topToJs=$1\n" 
info "topToJs" 
info "AskName" 
info "ASKDRINK" 
info "\ntopic: ~topToJs()\nlanguage: frf\nproposal: %x Bienvenue Ice, quelle boisson voudriez vous ? Les boissons suivantes sont disponibles : Coca, Fanta, Ice Tea, Orangina\nu: (_[Coca Fanta Ice Tea Orangina]) $topToJs=$1\n" 
info "topToJs" 
info "App Loaded" 
info "\ntopic: ~topToJs()\nlanguage: frf\nproposal: %x Bienvenue undefined, quelle boisson voudriez vous ? Les boissons suivantes sont disponibles : Coca, Fanta, Ice Tea, Orangina\nu: (_[Coca Fanta Ice Tea Orangina]) $topToJs=$1\n" 
warning "CARE NAOQI TIMEOUT" 
info "topToJs" 
info "App Loaded" 
info "\ntopic: ~topToJs()\nlanguage: frf\nproposal: %x Bienvenue undefined, quelle boisson voudriez vous ? Les boissons suivantes sont disponibles : Coca, Fanta, Ice Tea, Orangina\nu: (_[Coca Fanta Ice Tea Orangina]) $topToJs=$1\n" 
warning "CARE NAOQI TIMEOUT" 
info "topToJs" 
info "App Loaded" 
info "\ntopic: ~topToJs()\nlanguage: frf\nproposal: %x Bonjour humain, quel est ton nom ?\nu: (_[Jonathan Théo Olivier Raphael Nathan Corentin]) $topToJs=$1\n" 
warning "CARE NAOQI TIMEOUT" 
info "topToJs" 
info "AskName" 
warning "Clean" 
info "\ntopic: ~topToJs()\nlanguage: frf\nproposal: %x Bienvenue Corentin, quelle boisson voudriez vous ? Les boissons suivantes sont disponibles : Coca, Fanta, Ice Tea, Orangina\nu: (_[Coca Fanta Ice Tea Orangina]) $topToJs=$1\n" 
info "topToJs" 
info "AskName" 
warning "Clean" 
info "ASKDRINK" 
info "\ntopic: ~topToJs()\nlanguage: frf\nproposal: %x Bienvenue Ice, quelle boisson voudriez vous ? Les boissons suivantes sont disponibles : Coca, Fanta, Ice Tea, Orangina\nu: (_[Coca Fanta Ice Tea Orangina]) $topToJs=$1\n" 
info "topToJs" 
info "\ntopic: ~topToJs()\nlanguage: frf\nproposal: %x Bienvenue Ice, quelle boisson voudriez vous ? Les boissons suivantes sont disponibles : Coca, Fanta, Ice Tea, Orangina\nu: (_[Coca Fanta Ice Tea Orangina]) $topToJs=$1\n" 
info "topToJs" 
info "App Loaded" 
info "\ntopic: ~topToJs()\nlanguage: frf\nproposal: %x Bienvenue undefined, quelle boisson voudriez vous ? Les boissons suivantes sont disponibles : Coca, Fanta, Ice Tea, Orangina\nu: (_[Coca Fanta Ice Tea Orangina]) $topToJs=$1\n" 
warning "CARE NAOQI TIMEOUT" 
info "App Loaded" 
warning "CARE NAOQI TIMEOUT" 
info "\ntopic: ~topToJs()\nlanguage: frf\nproposal: %x Bonjour humain, quel est ton nom ?\nu: (_[Jonathan Théo Olivier Raphael Nathan Corentin]) $topToJs=$1\n" 
info "App Loaded" 
info "\ntopic: ~topToJs()\nlanguage: frf\nproposal: %x Bonjour humain, quel est ton nom ?\nu: (_[Jonathan Théo Olivier Raphael Nathan Corentin]) $topToJs=$1\n" 
warning "CARE NAOQI TIMEOUT" 
info "topToJs" 
info "AskName" 
warning "Clean" 
info "\ntopic: ~topToJs()\nlanguage: frf\nproposal: %x Bienvenue Corentin, quelle boisson voudriez vous ? Les boissons suivantes sont disponibles : Coca, Fanta, Ice Tea, Orangina\nu: (_[Coca Fanta Ice Tea Orangina]) $topToJs=$1\n" 
info "topToJs" 
info "AskName" 
warning "Clean" 
info "ASKDRINK" 
warning "Clean" 
info "\ntopic: ~topToJs()\nlanguage: frf\nproposal: %x Bienvenue Fanta, quelle boisson voudriez vous ? Les boissons suivantes sont disponibles : Coca, Fanta, Ice Tea, Orangina\nu: (_[Coca Fanta Ice Tea Orangina]) $topToJs=$1\n" 
info "topToJs" 
info "AskName" 
warning "Clean" 
warning "Clean" 
info "ASKDRINK" 
info "ASKDRINK" 
warning "Clean" 
info "\ntopic: ~topToJs()\nlanguage: frf\nproposal: %x Bienvenue Ice, quelle boisson voudriez vous ? Les boissons suivantes sont disponibles : Coca, Fanta, Ice Tea, Orangina\nu: (_[Coca Fanta Ice Tea Orangina]) $topToJs=$1\n" 
info "topToJs" 
info "AskName" 
warning "Clean" 
warning "Clean" 
info "ASKDRINK" 
info "ASKDRINK" 
warning "Clean" 
info "ASKDRINK" 
warning "Clean" 
info "App Loaded" 
info "\ntopic: ~topToJs()\nlanguage: frf\nproposal: %x Bonjour humain, quel est ton nom ?\nu: (_[Jonathan Théo Olivier Raphael Nathan Corentin]) $topToJs=$1\n" 
warning "CARE NAOQI TIMEOUT" 
info "topToJs" 
warning "src\\core\\wrapper\\InitQi.ts\n  Line 1:20:  'runningOnPepper' is defined but never used  @typescript-eslint/no-unused-vars" 
info "App Loaded" 
warning "src\\core\\wrapper\\InitQi.ts\n  Line 1:20:  'runningOnPepper' is defined but never used  @typescript-eslint/no-unused-vars" 
info "\ntopic: ~topToJs()\nlanguage: frf\nproposal: %x Bonjour humain, quel est ton nom ?\nu: (_[Jonathan Théo Olivier Raphael Nathan Corentin]) $topToJs=$1\n" 
warning "CARE NAOQI TIMEOUT" 
info "topToJs" 
info "AskName" 
warning "Clean" 
info "\ntopic: ~topToJs()\nlanguage: frf\nproposal: %x Bienvenue Raphael, quelle boisson voudriez vous ? Les boissons suivantes sont disponibles : Coca, Fanta, Ice Tea, Orangina\nu: (_[Coca Fanta Ice Tea Orangina]) $topToJs=$1\n" 
info "topToJs" 
info "AskName" 
warning "Clean" 
info "ASKDRINK" 
warning "Clean" 
info "\ntopic: ~topToJs()\nlanguage: frf\nproposal: %x Bienvenue Coca, quelle boisson voudriez vous ? Les boissons suivantes sont disponibles : Coca, Fanta, Ice Tea, Orangina\nu: (_[Coca Fanta Ice Tea Orangina]) $topToJs=$1\n" 
info "topToJs" 
info "AskName" 
warning "Clean" 
info "ASKDRINK" 
warning "Clean" 
info "ASKDRINK" 
warning "Clean" 
info "\ntopic: ~topToJs()\nlanguage: frf\nproposal: %x Bienvenue Ice, quelle boisson voudriez vous ? Les boissons suivantes sont disponibles : Coca, Fanta, Ice Tea, Orangina\nu: (_[Coca Fanta Ice Tea Orangina]) $topToJs=$1\n" 
info "topToJs" 
info "AskName" 
warning "Clean" 
info "ASKDRINK" 
warning "Clean" 
info "ASKDRINK" 
warning "Clean" 
warning "Clean" 
info "ASKDRINK" 
warning "src\\core\\wrapper\\InitQi.ts\n  Line 1:20:  'runningOnPepper' is defined but never used  @typescript-eslint/no-unused-vars" 
warning "src\\core\\wrapper\\InitQi.ts\n  Line 1:20:  'runningOnPepper' is defined but never used  @typescript-eslint/no-unused-vars" 
warning "CARE NAOQI TIMEOUT" 
warning "Qi connection timeout (2s)" 
info "App Loaded" 
warning "CARE NAOQI TIMEOUT" 
warning "Qi connection timeout (2s)" 
info "App Loaded" 
info "App Loaded" 
info "\ntopic: ~topToJs()\nlanguage: frf\nproposal: %x Bonjour humain, quel est ton nom ?\nu: (_[Jonathan Théo Olivier Raphael Nathan Corentin]) $topToJs=$1\n" 
warning "CARE NAOQI TIMEOUT" 
info "topToJs" 
info "AskName" 
warning "Clean" 
info "\ntopic: ~topToJs()\nlanguage: frf\nproposal: %x Bienvenue Olivier, quelle boisson voudriez vous ? Les boissons suivantes sont disponibles : Coca, Fanta, Ice Tea, Orangina\nu: (_[Coca Fanta Ice Tea Orangina]) $topToJs=$1\n" 
info "topToJs" 
